<?xml version="1.0" encoding="UTF-8"?>
<!-- Generated by org.testng.reporters.JUnitXMLReporter -->
<testsuite hostname="Dimeys" ignored="0" tests="8" failures="0" timestamp="21 фев 2018 05:37:40 GMT" time="0.162" errors="0">
  <testcase name="testEquals" time="0.036" classname="PolynomTest"/>
  <testcase name="testGetCoef" time="0.0" classname="PolynomTest"/>
  <testcase name="testSolve" time="0.0" classname="PolynomTest"/>
  <testcase name="testSolve" time="0.0" classname="PolynomTest"/>
  <testcase name="testSolve" time="0.0" classname="PolynomTest"/>
  <testcase name="testSolve" time="0.0" classname="PolynomTest"/>
  <testcase name="testSolve" time="0.0" classname="PolynomTest"/>
  <testcase name="testSolve" time="0.0" classname="PolynomTest"/>
</testsuite>
